 JT 消息类型 ==> 3
2021-04-17 18:16:46.597  WARN 24116 --- [ntLoopGroup-3-1] io.netty.channel.DefaultChannelPipeline  : An exceptionCaught() event was fired, and it reached at the tail of the pipeline. It usually means the last handler in the pipeline did not handle the exception.

io.netty.handler.codec.DecoderException: java.lang.RuntimeException: java.lang.Exception: 消息内容理论为空，现在存在内容, 内容为 ==> [0, 3, 0, 0, 39, 32, 22, 99, 64, 35, 2, -105]
        at io.netty.handler.codec.ByteToMessageDecoder.callDecode(ByteToMessageDecoder.java:478) ~[netty-all-4.1.60.Final.jar!/:4.1.60.Final]
        at io.netty.handler.codec.ByteToMessageDecoder.channelRead(ByteToMessageDecoder.java:276) ~[netty-all-4.1.60.Final.jar!/:4.1.60.Final]
        at io.netty.channel.AbstractChannelHandlerContext.invokeChannelRead(AbstractChannelHandlerContext.java:379) [netty-all-4.1.60.Final.jar!/:4.1.60.Final]
        at io.netty.channel.AbstractChannelHandlerContext.invokeChannelRead(AbstractChannelHandlerContext.java:365) [netty-all-4.1.60.Final.jar!/:4.1.60.Final]
        at io.netty.channel.AbstractChannelHandlerContext.fireChannelRead(AbstractChannelHandlerContext.java:357) [netty-all-4.1.60.Final.jar!/:4.1.60.Final]
        at io.netty.channel.DefaultChannelPipeline$HeadContext.channelRead(DefaultChannelPipeline.java:1410) [netty-all-4.1.60.Final.jar!/:4.1.60.Final]
        at io.netty.channel.AbstractChannelHandlerContext.invokeChannelRead(AbstractChannelHandlerContext.java:379) [netty-all-4.1.60.Final.jar!/:4.1.60.Final]
        at io.netty.channel.AbstractChannelHandlerContext.invokeChannelRead(AbstractChannelHandlerContext.java:365) [netty-all-4.1.60.Final.jar!/:4.1.60.Final]
        at io.netty.channel.DefaultChannelPipeline.fireChannelRead(DefaultChannelPipeline.java:919) [netty-all-4.1.60.Final.jar!/:4.1.60.Final]
        at io.netty.channel.nio.AbstractNioByteChannel$NioByteUnsafe.read(AbstractNioByteChannel.java:166) [netty-all-4.1.60.Final.jar!/:4.1.60.Final]
        at io.netty.channel.nio.NioEventLoop.processSelectedKey(NioEventLoop.java:719) [netty-all-4.1.60.Final.jar!/:4.1.60.Final]
        at io.netty.channel.nio.NioEventLoop.processSelectedKeysOptimized(NioEventLoop.java:655) [netty-all-4.1.60.Final.jar!/:4.1.60.Final]
        at io.netty.channel.nio.NioEventLoop.processSelectedKeys(NioEventLoop.java:581) [netty-all-4.1.60.Final.jar!/:4.1.60.Final]
        at io.netty.channel.nio.NioEventLoop.run(NioEventLoop.java:493) [netty-all-4.1.60.Final.jar!/:4.1.60.Final]
        at io.netty.util.concurrent.SingleThreadEventExecutor$4.run(SingleThreadEventExecutor.java:989) [netty-all-4.1.60.Final.jar!/:4.1.60.Final]
        at io.netty.util.internal.ThreadExecutorMap$2.run(ThreadExecutorMap.java:74) [netty-all-4.1.60.Final.jar!/:4.1.60.Final]
        at io.netty.util.concurrent.FastThreadLocalRunnable.run(FastThreadLocalRunnable.java:30) [netty-all-4.1.60.Final.jar!/:4.1.60.Final]
        at java.lang.Thread.run(Thread.java:748) [na:1.8.0_221]
Caused by: java.lang.RuntimeException: java.lang.Exception: 消息内容理论为空，现在存在内容, 内容为 ==> [0, 3, 0, 0, 39, 32, 22, 99, 64, 35, 2, -105]
        at com.lidashuang.jt.jt808.Jt808T7.decode(Jt808T7.java:36) ~[classes!/:0.0.1-SNAPSHOT]
        at com.lidashuang.jt.JtDecoder.jtDecodeByteToMessage(JtDecoder.java:272) ~[classes!/:0.0.1-SNAPSHOT]
        at com.lidashuang.jt.JtDecoder.jtDecode(JtDecoder.java:173) ~[classes!/:0.0.1-SNAPSHOT]
        at com.lidashuang.jt.JtDecoder.decode(JtDecoder.java:142) ~[classes!/:0.0.1-SNAPSHOT]
        at io.netty.handler.codec.ByteToMessageDecoder.decodeRemovalReentryProtection(ByteToMessageDecoder.java:508) ~[netty-all-4.1.60.Final.jar!/:4.1.60.Final]
        at io.netty.handler.codec.ByteToMessageDecoder.callDecode(ByteToMessageDecoder.java:447) ~[netty-all-4.1.60.Final.jar!/:4.1.60.Final]
        ... 17 common frames omitted
Caused by: java.lang.Exception: 消息内容理论为空，现在存在内容, 内容为 ==> [0, 3, 0, 0, 39, 32, 22, 99, 64, 35, 2, -105]
        at com.lidashuang.jt.jt808.Jt808T7.decode(Jt808T7.java:32) ~[classes!/:0.0.1-SNAPSHOT]
        ... 22 common frames omitted





{"number":673,"result":0,"authCode":"26C44F78134D40A58057F17611857CCE","header":null}
2021-04-17 18:35:40.219  INFO 5568 --- [ntLoopGroup-3-1] com.lidashuang.jt.JtEncoder              : 推送的源数据内容为 ==>


[1, 0, 0, 35, 0, 0, 0, 0, 0, 0, 2, 1, 2, 1, 0, 50, 54, 67, 52, 52, 70, 55, 56, 49, 51, 52, 68, 52, 48, 65, 53, 56, 48, 53, 55, 70, 49, 55, 54, 49, 49, 56, 53, 55, 67, 67, 69]




